2022-09-10 10:48:43.049  INFO 1060 --- [main] c.g.w.m.MsclientesApplicationTests       : Starting MsclientesApplicationTests using Java 11.0.15 on DESKTOP-1GMQS60 with PID 1060 (started by wandi in C:\Users\wandi\Documents\2022-Curso-Microserviços_DouglasSouza\MicroservicosCartoes\msclientes)
2022-09-10 10:48:43.062  INFO 1060 --- [main] c.g.w.m.MsclientesApplicationTests       : No active profile set, falling back to 1 default profile: "default"
2022-09-10 10:48:46.126  INFO 1060 --- [main] .s.d.r.c.RepositoryConfigurationDelegate : Bootstrapping Spring Data JPA repositories in DEFAULT mode.
2022-09-10 10:48:46.710  INFO 1060 --- [main] .s.d.r.c.RepositoryConfigurationDelegate : Finished Spring Data repository scanning in 559 ms. Found 1 JPA repository interfaces.
2022-09-10 10:48:47.395  INFO 1060 --- [main] o.s.cloud.context.scope.GenericScope     : BeanFactory id=5c6484f4-d023-343f-a21a-119a115fe6cd
2022-09-10 10:48:48.761  INFO 1060 --- [main] o.hibernate.jpa.internal.util.LogHelper  : HHH000204: Processing PersistenceUnitInfo [name: default]
2022-09-10 10:48:48.927  INFO 1060 --- [main] org.hibernate.Version                    : HHH000412: Hibernate ORM core version 5.6.10.Final
2022-09-10 10:48:49.460  INFO 1060 --- [main] o.hibernate.annotations.common.Version   : HCANN000001: Hibernate Commons Annotations {5.1.2.Final}
2022-09-10 10:48:50.806  INFO 1060 --- [main] com.zaxxer.hikari.HikariDataSource       : HikariPool-1 - Starting...
2022-09-10 10:48:51.976  INFO 1060 --- [main] com.zaxxer.hikari.HikariDataSource       : HikariPool-1 - Start completed.
2022-09-10 10:48:52.031  INFO 1060 --- [main] org.hibernate.dialect.Dialect            : HHH000400: Using dialect: org.hibernate.dialect.MySQLDialect
2022-09-10 10:48:54.153  INFO 1060 --- [main] o.h.e.t.j.p.i.JtaPlatformInitiator       : HHH000490: Using JtaPlatform implementation: [org.hibernate.engine.transaction.jta.platform.internal.NoJtaPlatform]
2022-09-10 10:48:54.180  INFO 1060 --- [main] j.LocalContainerEntityManagerFactoryBean : Initialized JPA EntityManagerFactory for persistence unit 'default'
2022-09-10 10:48:55.936  WARN 1060 --- [main] JpaBaseConfiguration$JpaWebConfiguration : spring.jpa.open-in-view is enabled by default. Therefore, database queries may be performed during view rendering. Explicitly configure spring.jpa.open-in-view to disable this warning
2022-09-10 10:49:00.852  INFO 1060 --- [main] o.s.cloud.commons.util.InetUtils         : Cannot determine local hostname
2022-09-10 10:49:03.433  INFO 1060 --- [main] o.s.cloud.commons.util.InetUtils         : Cannot determine local hostname
2022-09-10 10:49:03.472  INFO 1060 --- [main] DiscoveryClientOptionalArgsConfiguration : Eureka HTTP Client uses RestTemplate.
2022-09-10 10:49:03.730  WARN 1060 --- [main] iguration$LoadBalancerCaffeineWarnLogger : Spring Cloud LoadBalancer is currently working with the default cache. While this cache implementation is useful for development and tests, it's recommended to use Caffeine cache in production.You can switch to using Caffeine cache, by adding it and org.springframework.cache.caffeine.CaffeineCacheManager to the classpath.
2022-09-10 10:49:03.750  INFO 1060 --- [main] o.s.b.a.e.web.EndpointLinksResolver      : Exposing 17 endpoint(s) beneath base path '/actuator'
2022-09-10 10:49:03.869  INFO 1060 --- [main] c.g.w.m.MsclientesApplicationTests       : Started MsclientesApplicationTests in 24.755 seconds (JVM running for 27.887)
2022-09-10 10:49:04.163  INFO 1060 --- [SpringApplicationShutdownHook] o.s.c.n.eureka.InstanceInfoFactory       : Setting initial instance status as: STARTING
2022-09-10 10:49:04.169  INFO 1060 --- [SpringApplicationShutdownHook] o.s.c.n.e.s.EurekaServiceRegistry        : Unregistering application MSCLIENTES with eureka with status DOWN
2022-09-10 10:49:04.181  INFO 1060 --- [SpringApplicationShutdownHook] j.LocalContainerEntityManagerFactoryBean : Closing JPA EntityManagerFactory for persistence unit 'default'
2022-09-10 10:49:04.185  INFO 1060 --- [SpringApplicationShutdownHook] com.zaxxer.hikari.HikariDataSource       : HikariPool-1 - Shutdown initiated...
2022-09-10 10:49:04.236  INFO 1060 --- [SpringApplicationShutdownHook] com.zaxxer.hikari.HikariDataSource       : HikariPool-1 - Shutdown completed.
