2022-09-10 11:38:41.875  INFO 18464 --- [restartedMain] c.g.w.msclientes.MsclientesApplication   : Starting MsclientesApplication using Java 11.0.15 on DESKTOP-1GMQS60 with PID 18464 (C:\Users\wandi\Documents\2022-Curso-Microserviços_DouglasSouza\MicroservicosCartoes\msclientes\target\classes started by wandi in C:\Users\wandi\Documents\2022-Curso-Microserviços_DouglasSouza\MicroservicosCartoes)
2022-09-10 11:38:41.878  INFO 18464 --- [restartedMain] c.g.w.msclientes.MsclientesApplication   : No active profile set, falling back to 1 default profile: "default"
2022-09-10 11:38:41.955  INFO 18464 --- [restartedMain] .e.DevToolsPropertyDefaultsPostProcessor : Devtools property defaults active! Set 'spring.devtools.add-properties' to 'false' to disable
2022-09-10 11:38:41.956  INFO 18464 --- [restartedMain] .e.DevToolsPropertyDefaultsPostProcessor : For additional web related logging consider setting the 'logging.level.web' property to 'DEBUG'
2022-09-10 11:38:43.318  INFO 18464 --- [restartedMain] .s.d.r.c.RepositoryConfigurationDelegate : Bootstrapping Spring Data JPA repositories in DEFAULT mode.
2022-09-10 11:38:43.577  INFO 18464 --- [restartedMain] .s.d.r.c.RepositoryConfigurationDelegate : Finished Spring Data repository scanning in 243 ms. Found 1 JPA repository interfaces.
2022-09-10 11:38:44.061  INFO 18464 --- [restartedMain] o.s.cloud.context.scope.GenericScope     : BeanFactory id=9eaefb02-b938-3cad-af28-a9258069d139
2022-09-10 11:38:45.353  INFO 18464 --- [restartedMain] o.s.b.w.embedded.tomcat.TomcatWebServer  : Tomcat initialized with port(s): 0 (http)
2022-09-10 11:38:45.367  INFO 18464 --- [restartedMain] o.apache.catalina.core.StandardService   : Starting service [Tomcat]
2022-09-10 11:38:45.367  INFO 18464 --- [restartedMain] org.apache.catalina.core.StandardEngine  : Starting Servlet engine: [Apache Tomcat/9.0.65]
2022-09-10 11:38:45.637  INFO 18464 --- [restartedMain] o.a.c.c.C.[Tomcat].[localhost].[/]       : Initializing Spring embedded WebApplicationContext
2022-09-10 11:38:45.637  INFO 18464 --- [restartedMain] w.s.c.ServletWebServerApplicationContext : Root WebApplicationContext: initialization completed in 3680 ms
2022-09-10 11:38:46.026  INFO 18464 --- [restartedMain] com.zaxxer.hikari.HikariDataSource       : HikariPool-1 - Starting...
2022-09-10 11:38:46.856  INFO 18464 --- [restartedMain] com.zaxxer.hikari.HikariDataSource       : HikariPool-1 - Start completed.
2022-09-10 11:38:46.878  INFO 18464 --- [restartedMain] o.s.b.a.h2.H2ConsoleAutoConfiguration    : H2 console available at '/h2-console'. Database available at 'jdbc:mysql://localhost:3306/msclientes?useTimezone=true&serverTimezone=UTC'
2022-09-10 11:38:47.505  INFO 18464 --- [restartedMain] o.hibernate.jpa.internal.util.LogHelper  : HHH000204: Processing PersistenceUnitInfo [name: default]
2022-09-10 11:38:47.701  INFO 18464 --- [restartedMain] org.hibernate.Version                    : HHH000412: Hibernate ORM core version 5.6.10.Final
2022-09-10 11:38:48.162  INFO 18464 --- [restartedMain] o.hibernate.annotations.common.Version   : HCANN000001: Hibernate Commons Annotations {5.1.2.Final}
2022-09-10 11:38:48.434  INFO 18464 --- [restartedMain] org.hibernate.dialect.Dialect            : HHH000400: Using dialect: org.hibernate.dialect.MySQLDialect
2022-09-10 11:38:49.650  INFO 18464 --- [restartedMain] o.h.e.t.j.p.i.JtaPlatformInitiator       : HHH000490: Using JtaPlatform implementation: [org.hibernate.engine.transaction.jta.platform.internal.NoJtaPlatform]
2022-09-10 11:38:49.668  INFO 18464 --- [restartedMain] j.LocalContainerEntityManagerFactoryBean : Initialized JPA EntityManagerFactory for persistence unit 'default'
2022-09-10 11:38:50.493  WARN 18464 --- [restartedMain] JpaBaseConfiguration$JpaWebConfiguration : spring.jpa.open-in-view is enabled by default. Therefore, database queries may be performed during view rendering. Explicitly configure spring.jpa.open-in-view to disable this warning
2022-09-10 11:38:53.648  INFO 18464 --- [restartedMain] o.s.cloud.commons.util.InetUtils         : Cannot determine local hostname
2022-09-10 11:38:54.055  WARN 18464 --- [restartedMain] o.s.b.d.a.OptionalLiveReloadServer       : Unable to start LiveReload server
2022-09-10 11:38:55.775  INFO 18464 --- [restartedMain] o.s.cloud.commons.util.InetUtils         : Cannot determine local hostname
2022-09-10 11:38:55.784  INFO 18464 --- [restartedMain] DiscoveryClientOptionalArgsConfiguration : Eureka HTTP Client uses RestTemplate.
2022-09-10 11:38:55.896  WARN 18464 --- [restartedMain] iguration$LoadBalancerCaffeineWarnLogger : Spring Cloud LoadBalancer is currently working with the default cache. While this cache implementation is useful for development and tests, it's recommended to use Caffeine cache in production.You can switch to using Caffeine cache, by adding it and org.springframework.cache.caffeine.CaffeineCacheManager to the classpath.
2022-09-10 11:38:55.903  INFO 18464 --- [restartedMain] o.s.b.a.e.web.EndpointLinksResolver      : Exposing 17 endpoint(s) beneath base path '/actuator'
2022-09-10 11:38:55.994  INFO 18464 --- [restartedMain] o.s.b.w.embedded.tomcat.TomcatWebServer  : Tomcat started on port(s): 53283 (http) with context path ''
2022-09-10 11:38:55.996  INFO 18464 --- [restartedMain] .s.c.n.e.s.EurekaAutoServiceRegistration : Updating port to 53283
2022-09-10 11:38:56.006  INFO 18464 --- [restartedMain] o.s.c.n.eureka.InstanceInfoFactory       : Setting initial instance status as: STARTING
2022-09-10 11:38:56.119  INFO 18464 --- [restartedMain] com.netflix.discovery.DiscoveryClient    : Initializing Eureka in region us-east-1
2022-09-10 11:38:56.126  INFO 18464 --- [restartedMain] c.n.d.s.r.aws.ConfigClusterResolver      : Resolving eureka endpoints via configuration
2022-09-10 11:38:56.154  INFO 18464 --- [restartedMain] com.netflix.discovery.DiscoveryClient    : Disable delta property : false
2022-09-10 11:38:56.154  INFO 18464 --- [restartedMain] com.netflix.discovery.DiscoveryClient    : Single vip registry refresh property : null
2022-09-10 11:38:56.154  INFO 18464 --- [restartedMain] com.netflix.discovery.DiscoveryClient    : Force full registry fetch : false
2022-09-10 11:38:56.155  INFO 18464 --- [restartedMain] com.netflix.discovery.DiscoveryClient    : Application is null : false
2022-09-10 11:38:56.155  INFO 18464 --- [restartedMain] com.netflix.discovery.DiscoveryClient    : Registered Applications size is zero : true
2022-09-10 11:38:56.155  INFO 18464 --- [restartedMain] com.netflix.discovery.DiscoveryClient    : Application version is -1: true
2022-09-10 11:38:56.155  INFO 18464 --- [restartedMain] com.netflix.discovery.DiscoveryClient    : Getting all instance registry info from the eureka server
2022-09-10 11:38:56.710  INFO 18464 --- [restartedMain] com.netflix.discovery.DiscoveryClient    : The response status is 200
2022-09-10 11:38:56.712  INFO 18464 --- [restartedMain] com.netflix.discovery.DiscoveryClient    : Starting heartbeat executor: renew interval is: 30
2022-09-10 11:38:56.714  INFO 18464 --- [restartedMain] c.n.discovery.InstanceInfoReplicator     : InstanceInfoReplicator onDemand update allowed rate per min is 4
2022-09-10 11:38:56.719  INFO 18464 --- [restartedMain] com.netflix.discovery.DiscoveryClient    : Discovery Client initialized at timestamp 1662820736718 with initial instances count: 0
2022-09-10 11:38:56.722  INFO 18464 --- [restartedMain] o.s.c.n.e.s.EurekaServiceRegistry        : Registering application MSCLIENTES with eureka with status UP
2022-09-10 11:38:56.722  INFO 18464 --- [restartedMain] com.netflix.discovery.DiscoveryClient    : Saw local status change event StatusChangeEvent [timestamp=1662820736722, current=UP, previous=STARTING]
2022-09-10 11:38:56.725  INFO 18464 --- [DiscoveryClient-InstanceInfoReplicator-0] com.netflix.discovery.DiscoveryClient    : DiscoveryClient_MSCLIENTES/msclientes:1385e00efe394e5c0b5ad5a017187351: registering service...
2022-09-10 11:38:56.979  INFO 18464 --- [DiscoveryClient-InstanceInfoReplicator-0] com.netflix.discovery.DiscoveryClient    : DiscoveryClient_MSCLIENTES/msclientes:1385e00efe394e5c0b5ad5a017187351 - registration status: 204
2022-09-10 11:38:58.427  INFO 18464 --- [restartedMain] o.s.cloud.commons.util.InetUtils         : Cannot determine local hostname
2022-09-10 11:38:58.460  INFO 18464 --- [restartedMain] c.g.w.msclientes.MsclientesApplication   : Started MsclientesApplication in 20.091 seconds (JVM running for 22.09)
2022-09-10 11:39:10.969  INFO 18464 --- [http-nio-auto-1-exec-1] o.a.c.c.C.[Tomcat].[localhost].[/]       : Initializing Spring DispatcherServlet 'dispatcherServlet'
2022-09-10 11:39:10.970  INFO 18464 --- [http-nio-auto-1-exec-1] o.s.web.servlet.DispatcherServlet        : Initializing Servlet 'dispatcherServlet'
2022-09-10 11:39:10.973  INFO 18464 --- [http-nio-auto-1-exec-1] o.s.web.servlet.DispatcherServlet        : Completed initialization in 3 ms
2022-09-10 11:39:26.720  INFO 18464 --- [DiscoveryClient-CacheRefreshExecutor-0] com.netflix.discovery.DiscoveryClient    : Disable delta property : false
2022-09-10 11:39:26.721  INFO 18464 --- [DiscoveryClient-CacheRefreshExecutor-0] com.netflix.discovery.DiscoveryClient    : Single vip registry refresh property : null
2022-09-10 11:39:26.721  INFO 18464 --- [DiscoveryClient-CacheRefreshExecutor-0] com.netflix.discovery.DiscoveryClient    : Force full registry fetch : false
2022-09-10 11:39:26.721  INFO 18464 --- [DiscoveryClient-CacheRefreshExecutor-0] com.netflix.discovery.DiscoveryClient    : Application is null : false
2022-09-10 11:39:26.722  INFO 18464 --- [DiscoveryClient-CacheRefreshExecutor-0] com.netflix.discovery.DiscoveryClient    : Registered Applications size is zero : true
2022-09-10 11:39:26.722  INFO 18464 --- [DiscoveryClient-CacheRefreshExecutor-0] com.netflix.discovery.DiscoveryClient    : Application version is -1: false
2022-09-10 11:39:26.722  INFO 18464 --- [DiscoveryClient-CacheRefreshExecutor-0] com.netflix.discovery.DiscoveryClient    : Getting all instance registry info from the eureka server
2022-09-10 11:39:26.759  INFO 18464 --- [DiscoveryClient-CacheRefreshExecutor-0] com.netflix.discovery.DiscoveryClient    : The response status is 200
2022-09-10 11:40:22.245  INFO 6128 --- [restartedMain] c.g.w.mscartoes.MscartoesApplication     : Starting MscartoesApplication using Java 11.0.15 on DESKTOP-1GMQS60 with PID 6128 (C:\Users\wandi\Documents\2022-Curso-Microserviços_DouglasSouza\MicroservicosCartoes\mscartoes\target\classes started by wandi in C:\Users\wandi\Documents\2022-Curso-Microserviços_DouglasSouza\MicroservicosCartoes)
2022-09-10 11:40:22.250  INFO 6128 --- [restartedMain] c.g.w.mscartoes.MscartoesApplication     : No active profile set, falling back to 1 default profile: "default"
2022-09-10 11:40:22.431  INFO 6128 --- [restartedMain] .e.DevToolsPropertyDefaultsPostProcessor : Devtools property defaults active! Set 'spring.devtools.add-properties' to 'false' to disable
2022-09-10 11:40:22.431  INFO 6128 --- [restartedMain] .e.DevToolsPropertyDefaultsPostProcessor : For additional web related logging consider setting the 'logging.level.web' property to 'DEBUG'
2022-09-10 11:40:24.004  INFO 6128 --- [restartedMain] .s.d.r.c.RepositoryConfigurationDelegate : Bootstrapping Spring Data JPA repositories in DEFAULT mode.
2022-09-10 11:40:24.250  INFO 6128 --- [restartedMain] .s.d.r.c.RepositoryConfigurationDelegate : Finished Spring Data repository scanning in 233 ms. Found 2 JPA repository interfaces.
2022-09-10 11:40:24.767  INFO 6128 --- [restartedMain] o.s.cloud.context.scope.GenericScope     : BeanFactory id=4ef72afe-051a-3e28-96a3-0f55768c4cc1
2022-09-10 11:40:26.142  INFO 6128 --- [restartedMain] o.s.b.w.embedded.tomcat.TomcatWebServer  : Tomcat initialized with port(s): 0 (http)
2022-09-10 11:40:26.159  INFO 6128 --- [restartedMain] o.apache.catalina.core.StandardService   : Starting service [Tomcat]
2022-09-10 11:40:26.159  INFO 6128 --- [restartedMain] org.apache.catalina.core.StandardEngine  : Starting Servlet engine: [Apache Tomcat/9.0.65]
2022-09-10 11:40:26.308  INFO 6128 --- [restartedMain] o.a.c.c.C.[Tomcat].[localhost].[/]       : Initializing Spring embedded WebApplicationContext
2022-09-10 11:40:26.309  INFO 6128 --- [restartedMain] w.s.c.ServletWebServerApplicationContext : Root WebApplicationContext: initialization completed in 3877 ms
2022-09-10 11:40:27.282  INFO 6128 --- [restartedMain] o.hibernate.jpa.internal.util.LogHelper  : HHH000204: Processing PersistenceUnitInfo [name: default]
2022-09-10 11:40:27.451  INFO 6128 --- [restartedMain] org.hibernate.Version                    : HHH000412: Hibernate ORM core version 5.6.10.Final
2022-09-10 11:40:27.944  INFO 6128 --- [restartedMain] o.hibernate.annotations.common.Version   : HCANN000001: Hibernate Commons Annotations {5.1.2.Final}
2022-09-10 11:40:28.320  INFO 6128 --- [restartedMain] com.zaxxer.hikari.HikariDataSource       : HikariPool-1 - Starting...
2022-09-10 11:40:29.384  INFO 6128 --- [restartedMain] com.zaxxer.hikari.HikariDataSource       : HikariPool-1 - Start completed.
2022-09-10 11:40:29.417  INFO 6128 --- [restartedMain] org.hibernate.dialect.Dialect            : HHH000400: Using dialect: org.hibernate.dialect.MySQLDialect
2022-09-10 11:40:31.455  INFO 6128 --- [restartedMain] o.h.e.t.j.p.i.JtaPlatformInitiator       : HHH000490: Using JtaPlatform implementation: [org.hibernate.engine.transaction.jta.platform.internal.NoJtaPlatform]
2022-09-10 11:40:31.475  INFO 6128 --- [restartedMain] j.LocalContainerEntityManagerFactoryBean : Initialized JPA EntityManagerFactory for persistence unit 'default'
2022-09-10 11:40:32.978  WARN 6128 --- [restartedMain] JpaBaseConfiguration$JpaWebConfiguration : spring.jpa.open-in-view is enabled by default. Therefore, database queries may be performed during view rendering. Explicitly configure spring.jpa.open-in-view to disable this warning
2022-09-10 11:40:38.691  INFO 6128 --- [restartedMain] o.s.cloud.commons.util.InetUtils         : Cannot determine local hostname
2022-09-10 11:40:39.403  WARN 6128 --- [restartedMain] o.s.b.d.a.OptionalLiveReloadServer       : Unable to start LiveReload server
2022-09-10 11:40:41.708  INFO 6128 --- [restartedMain] o.s.cloud.commons.util.InetUtils         : Cannot determine local hostname
2022-09-10 11:40:41.731  INFO 6128 --- [restartedMain] DiscoveryClientOptionalArgsConfiguration : Eureka HTTP Client uses RestTemplate.
2022-09-10 11:40:41.857  WARN 6128 --- [restartedMain] iguration$LoadBalancerCaffeineWarnLogger : Spring Cloud LoadBalancer is currently working with the default cache. While this cache implementation is useful for development and tests, it's recommended to use Caffeine cache in production.You can switch to using Caffeine cache, by adding it and org.springframework.cache.caffeine.CaffeineCacheManager to the classpath.
2022-09-10 11:40:41.866  INFO 6128 --- [restartedMain] o.s.b.a.e.web.EndpointLinksResolver      : Exposing 17 endpoint(s) beneath base path '/actuator'
2022-09-10 11:40:42.048  INFO 6128 --- [restartedMain] o.s.b.w.embedded.tomcat.TomcatWebServer  : Tomcat started on port(s): 53324 (http) with context path ''
2022-09-10 11:40:42.052  INFO 6128 --- [restartedMain] .s.c.n.e.s.EurekaAutoServiceRegistration : Updating port to 53324
2022-09-10 11:40:42.067  INFO 6128 --- [restartedMain] o.s.c.n.eureka.InstanceInfoFactory       : Setting initial instance status as: STARTING
2022-09-10 11:40:42.256  INFO 6128 --- [restartedMain] com.netflix.discovery.DiscoveryClient    : Initializing Eureka in region us-east-1
2022-09-10 11:40:42.274  INFO 6128 --- [restartedMain] c.n.d.s.r.aws.ConfigClusterResolver      : Resolving eureka endpoints via configuration
2022-09-10 11:40:42.336  INFO 6128 --- [restartedMain] com.netflix.discovery.DiscoveryClient    : Disable delta property : false
2022-09-10 11:40:42.336  INFO 6128 --- [restartedMain] com.netflix.discovery.DiscoveryClient    : Single vip registry refresh property : null
2022-09-10 11:40:42.336  INFO 6128 --- [restartedMain] com.netflix.discovery.DiscoveryClient    : Force full registry fetch : false
2022-09-10 11:40:42.336  INFO 6128 --- [restartedMain] com.netflix.discovery.DiscoveryClient    : Application is null : false
2022-09-10 11:40:42.336  INFO 6128 --- [restartedMain] com.netflix.discovery.DiscoveryClient    : Registered Applications size is zero : true
2022-09-10 11:40:42.337  INFO 6128 --- [restartedMain] com.netflix.discovery.DiscoveryClient    : Application version is -1: true
2022-09-10 11:40:42.337  INFO 6128 --- [restartedMain] com.netflix.discovery.DiscoveryClient    : Getting all instance registry info from the eureka server
2022-09-10 11:40:42.891  INFO 6128 --- [restartedMain] com.netflix.discovery.DiscoveryClient    : The response status is 200
2022-09-10 11:40:42.895  INFO 6128 --- [restartedMain] com.netflix.discovery.DiscoveryClient    : Starting heartbeat executor: renew interval is: 30
2022-09-10 11:40:42.899  INFO 6128 --- [restartedMain] c.n.discovery.InstanceInfoReplicator     : InstanceInfoReplicator onDemand update allowed rate per min is 4
2022-09-10 11:40:42.905  INFO 6128 --- [restartedMain] com.netflix.discovery.DiscoveryClient    : Discovery Client initialized at timestamp 1662820842904 with initial instances count: 1
2022-09-10 11:40:42.908  INFO 6128 --- [restartedMain] o.s.c.n.e.s.EurekaServiceRegistry        : Registering application MSCARTOES with eureka with status UP
2022-09-10 11:40:42.909  INFO 6128 --- [restartedMain] com.netflix.discovery.DiscoveryClient    : Saw local status change event StatusChangeEvent [timestamp=1662820842909, current=UP, previous=STARTING]
2022-09-10 11:40:42.911  INFO 6128 --- [DiscoveryClient-InstanceInfoReplicator-0] com.netflix.discovery.DiscoveryClient    : DiscoveryClient_MSCARTOES/mscartoes:87f72647e22fd72eeb082f23fe633dff: registering service...
2022-09-10 11:40:43.076  INFO 6128 --- [DiscoveryClient-InstanceInfoReplicator-0] com.netflix.discovery.DiscoveryClient    : DiscoveryClient_MSCARTOES/mscartoes:87f72647e22fd72eeb082f23fe633dff - registration status: 204
2022-09-10 11:40:44.734  INFO 6128 --- [restartedMain] o.s.cloud.commons.util.InetUtils         : Cannot determine local hostname
2022-09-10 11:40:44.737  INFO 6128 --- [restartedMain] o.s.a.r.c.CachingConnectionFactory       : Attempting to connect to: [localhost:5672]
2022-09-10 11:40:44.867  INFO 6128 --- [restartedMain] o.s.a.r.c.CachingConnectionFactory       : Created new connection: rabbitConnectionFactory#16ddf36c:0/SimpleConnection@340e241 [delegate=amqp://guest@127.0.0.1:5672/, localPort= 53329]
2022-09-10 11:40:45.025  INFO 6128 --- [restartedMain] c.g.w.mscartoes.MscartoesApplication     : Started MscartoesApplication in 26.657 seconds (JVM running for 28.422)
2022-09-10 11:43:56.169  INFO 18464 --- [AsyncResolver-bootstrap-executor-0] c.n.d.s.r.aws.ConfigClusterResolver      : Resolving eureka endpoints via configuration
2022-09-10 11:45:42.348  INFO 6128 --- [AsyncResolver-bootstrap-executor-0] c.n.d.s.r.aws.ConfigClusterResolver      : Resolving eureka endpoints via configuration
2022-09-10 11:47:03.601  INFO 6128 --- [http-nio-auto-1-exec-1] o.a.c.c.C.[Tomcat].[localhost].[/]       : Initializing Spring DispatcherServlet 'dispatcherServlet'
2022-09-10 11:47:03.601  INFO 6128 --- [http-nio-auto-1-exec-1] o.s.web.servlet.DispatcherServlet        : Initializing Servlet 'dispatcherServlet'
2022-09-10 11:47:03.603  INFO 6128 --- [http-nio-auto-1-exec-1] o.s.web.servlet.DispatcherServlet        : Completed initialization in 2 ms
2022-09-10 11:48:56.181  INFO 18464 --- [AsyncResolver-bootstrap-executor-0] c.n.d.s.r.aws.ConfigClusterResolver      : Resolving eureka endpoints via configuration
2022-09-10 11:49:37.901  INFO 11432 --- [restartedMain] c.g.w.m.MsavaliadorcreditoApplication    : Starting MsavaliadorcreditoApplication using Java 11.0.15 on DESKTOP-1GMQS60 with PID 11432 (C:\Users\wandi\Documents\2022-Curso-Microserviços_DouglasSouza\MicroservicosCartoes\msavaliadorcredito\target\classes started by wandi in C:\Users\wandi\Documents\2022-Curso-Microserviços_DouglasSouza\MicroservicosCartoes)
2022-09-10 11:49:37.903  INFO 11432 --- [restartedMain] c.g.w.m.MsavaliadorcreditoApplication    : No active profile set, falling back to 1 default profile: "default"
2022-09-10 11:49:37.981  INFO 11432 --- [restartedMain] .e.DevToolsPropertyDefaultsPostProcessor : Devtools property defaults active! Set 'spring.devtools.add-properties' to 'false' to disable
2022-09-10 11:49:37.982  INFO 11432 --- [restartedMain] .e.DevToolsPropertyDefaultsPostProcessor : For additional web related logging consider setting the 'logging.level.web' property to 'DEBUG'
2022-09-10 11:49:39.605  INFO 11432 --- [restartedMain] o.s.cloud.context.scope.GenericScope     : BeanFactory id=11cac046-fe41-3069-9ca6-276a69d2e3ac
2022-09-10 11:49:40.846  INFO 11432 --- [restartedMain] o.s.b.w.embedded.tomcat.TomcatWebServer  : Tomcat initialized with port(s): 0 (http)
2022-09-10 11:49:40.862  INFO 11432 --- [restartedMain] o.apache.catalina.core.StandardService   : Starting service [Tomcat]
2022-09-10 11:49:40.862  INFO 11432 --- [restartedMain] org.apache.catalina.core.StandardEngine  : Starting Servlet engine: [Apache Tomcat/9.0.65]
2022-09-10 11:49:41.041  INFO 11432 --- [restartedMain] o.a.c.c.C.[Tomcat].[localhost].[/]       : Initializing Spring embedded WebApplicationContext
2022-09-10 11:49:41.041  INFO 11432 --- [restartedMain] w.s.c.ServletWebServerApplicationContext : Root WebApplicationContext: initialization completed in 3058 ms
2022-09-10 11:49:41.634  WARN 11432 --- [restartedMain] o.s.b.d.a.OptionalLiveReloadServer       : Unable to start LiveReload server
2022-09-10 11:49:41.755  INFO 11432 --- [restartedMain] o.s.c.openfeign.FeignClientFactoryBean   : For 'msclientes' URL not provided. Will try picking an instance via load-balancing.
2022-09-10 11:49:41.921  INFO 11432 --- [restartedMain] o.s.c.openfeign.FeignClientFactoryBean   : For 'mscartoes' URL not provided. Will try picking an instance via load-balancing.
2022-09-10 11:49:47.058  INFO 11432 --- [restartedMain] o.s.cloud.commons.util.InetUtils         : Cannot determine local hostname
2022-09-10 11:49:49.061  INFO 11432 --- [restartedMain] o.s.cloud.commons.util.InetUtils         : Cannot determine local hostname
2022-09-10 11:49:49.092  INFO 11432 --- [restartedMain] DiscoveryClientOptionalArgsConfiguration : Eureka HTTP Client uses RestTemplate.
2022-09-10 11:49:49.155  WARN 11432 --- [restartedMain] iguration$LoadBalancerCaffeineWarnLogger : Spring Cloud LoadBalancer is currently working with the default cache. While this cache implementation is useful for development and tests, it's recommended to use Caffeine cache in production.You can switch to using Caffeine cache, by adding it and org.springframework.cache.caffeine.CaffeineCacheManager to the classpath.
2022-09-10 11:49:49.164  INFO 11432 --- [restartedMain] o.s.b.a.e.web.EndpointLinksResolver      : Exposing 17 endpoint(s) beneath base path '/actuator'
2022-09-10 11:49:49.227  INFO 11432 --- [restartedMain] o.s.b.w.embedded.tomcat.TomcatWebServer  : Tomcat started on port(s): 53391 (http) with context path ''
2022-09-10 11:49:49.228  INFO 11432 --- [restartedMain] .s.c.n.e.s.EurekaAutoServiceRegistration : Updating port to 53391
2022-09-10 11:49:49.234  INFO 11432 --- [restartedMain] o.s.c.n.eureka.InstanceInfoFactory       : Setting initial instance status as: STARTING
2022-09-10 11:49:49.342  INFO 11432 --- [restartedMain] com.netflix.discovery.DiscoveryClient    : Initializing Eureka in region us-east-1
2022-09-10 11:49:49.349  INFO 11432 --- [restartedMain] c.n.d.s.r.aws.ConfigClusterResolver      : Resolving eureka endpoints via configuration
2022-09-10 11:49:49.383  INFO 11432 --- [restartedMain] com.netflix.discovery.DiscoveryClient    : Disable delta property : false
2022-09-10 11:49:49.383  INFO 11432 --- [restartedMain] com.netflix.discovery.DiscoveryClient    : Single vip registry refresh property : null
2022-09-10 11:49:49.383  INFO 11432 --- [restartedMain] com.netflix.discovery.DiscoveryClient    : Force full registry fetch : false
2022-09-10 11:49:49.384  INFO 11432 --- [restartedMain] com.netflix.discovery.DiscoveryClient    : Application is null : false
2022-09-10 11:49:49.384  INFO 11432 --- [restartedMain] com.netflix.discovery.DiscoveryClient    : Registered Applications size is zero : true
2022-09-10 11:49:49.384  INFO 11432 --- [restartedMain] com.netflix.discovery.DiscoveryClient    : Application version is -1: true
2022-09-10 11:49:49.384  INFO 11432 --- [restartedMain] com.netflix.discovery.DiscoveryClient    : Getting all instance registry info from the eureka server
2022-09-10 11:49:49.848  INFO 11432 --- [restartedMain] com.netflix.discovery.DiscoveryClient    : The response status is 200
2022-09-10 11:49:49.851  INFO 11432 --- [restartedMain] com.netflix.discovery.DiscoveryClient    : Starting heartbeat executor: renew interval is: 30
2022-09-10 11:49:49.855  INFO 11432 --- [restartedMain] c.n.discovery.InstanceInfoReplicator     : InstanceInfoReplicator onDemand update allowed rate per min is 4
2022-09-10 11:49:49.861  INFO 11432 --- [restartedMain] com.netflix.discovery.DiscoveryClient    : Discovery Client initialized at timestamp 1662821389860 with initial instances count: 2
2022-09-10 11:49:49.862  INFO 11432 --- [restartedMain] o.s.c.n.e.s.EurekaServiceRegistry        : Registering application MSAVALIADORCREDITO with eureka with status UP
2022-09-10 11:49:49.863  INFO 11432 --- [restartedMain] com.netflix.discovery.DiscoveryClient    : Saw local status change event StatusChangeEvent [timestamp=1662821389863, current=UP, previous=STARTING]
2022-09-10 11:49:49.865  INFO 11432 --- [DiscoveryClient-InstanceInfoReplicator-0] com.netflix.discovery.DiscoveryClient    : DiscoveryClient_MSAVALIADORCREDITO/msavaliadorcredito:e98587e432a8a28594ab0789823c2621: registering service...
2022-09-10 11:49:50.015  INFO 11432 --- [DiscoveryClient-InstanceInfoReplicator-0] com.netflix.discovery.DiscoveryClient    : DiscoveryClient_MSAVALIADORCREDITO/msavaliadorcredito:e98587e432a8a28594ab0789823c2621 - registration status: 204
2022-09-10 11:49:51.569  INFO 11432 --- [restartedMain] o.s.cloud.commons.util.InetUtils         : Cannot determine local hostname
2022-09-10 11:49:51.616  INFO 11432 --- [restartedMain] c.g.w.m.MsavaliadorcreditoApplication    : Started MsavaliadorcreditoApplication in 17.11 seconds (JVM running for 18.723)
2022-09-10 11:50:14.050  INFO 11432 --- [http-nio-auto-1-exec-1] o.a.c.c.C.[Tomcat].[localhost].[/]       : Initializing Spring DispatcherServlet 'dispatcherServlet'
2022-09-10 11:50:14.050  INFO 11432 --- [http-nio-auto-1-exec-1] o.s.web.servlet.DispatcherServlet        : Initializing Servlet 'dispatcherServlet'
2022-09-10 11:50:14.054  INFO 11432 --- [http-nio-auto-1-exec-1] o.s.web.servlet.DispatcherServlet        : Completed initialization in 3 ms
2022-09-10 11:50:42.365  INFO 6128 --- [AsyncResolver-bootstrap-executor-0] c.n.d.s.r.aws.ConfigClusterResolver      : Resolving eureka endpoints via configuration
2022-09-10 11:53:56.183  INFO 18464 --- [AsyncResolver-bootstrap-executor-0] c.n.d.s.r.aws.ConfigClusterResolver      : Resolving eureka endpoints via configuration
2022-09-10 11:54:49.396  INFO 11432 --- [AsyncResolver-bootstrap-executor-0] c.n.d.s.r.aws.ConfigClusterResolver      : Resolving eureka endpoints via configuration
2022-09-10 11:55:42.368  INFO 6128 --- [AsyncResolver-bootstrap-executor-0] c.n.d.s.r.aws.ConfigClusterResolver      : Resolving eureka endpoints via configuration
2022-09-10 11:58:56.200  INFO 18464 --- [AsyncResolver-bootstrap-executor-0] c.n.d.s.r.aws.ConfigClusterResolver      : Resolving eureka endpoints via configuration
2022-09-10 11:59:49.408  INFO 11432 --- [AsyncResolver-bootstrap-executor-0] c.n.d.s.r.aws.ConfigClusterResolver      : Resolving eureka endpoints via configuration
2022-09-10 12:00:42.383  INFO 6128 --- [AsyncResolver-bootstrap-executor-0] c.n.d.s.r.aws.ConfigClusterResolver      : Resolving eureka endpoints via configuration
2022-09-10 12:03:56.208  INFO 18464 --- [AsyncResolver-bootstrap-executor-0] c.n.d.s.r.aws.ConfigClusterResolver      : Resolving eureka endpoints via configuration
2022-09-10 12:04:49.422  INFO 11432 --- [AsyncResolver-bootstrap-executor-0] c.n.d.s.r.aws.ConfigClusterResolver      : Resolving eureka endpoints via configuration
2022-09-10 12:05:42.396  INFO 6128 --- [AsyncResolver-bootstrap-executor-0] c.n.d.s.r.aws.ConfigClusterResolver      : Resolving eureka endpoints via configuration
2022-09-10 12:08:56.214  INFO 18464 --- [AsyncResolver-bootstrap-executor-0] c.n.d.s.r.aws.ConfigClusterResolver      : Resolving eureka endpoints via configuration
2022-09-10 12:09:49.435  INFO 11432 --- [AsyncResolver-bootstrap-executor-0] c.n.d.s.r.aws.ConfigClusterResolver      : Resolving eureka endpoints via configuration
2022-09-10 12:10:42.403  INFO 6128 --- [AsyncResolver-bootstrap-executor-0] c.n.d.s.r.aws.ConfigClusterResolver      : Resolving eureka endpoints via configuration
2022-09-10 12:13:56.230  INFO 18464 --- [AsyncResolver-bootstrap-executor-0] c.n.d.s.r.aws.ConfigClusterResolver      : Resolving eureka endpoints via configuration
2022-09-10 12:14:49.446  INFO 11432 --- [AsyncResolver-bootstrap-executor-0] c.n.d.s.r.aws.ConfigClusterResolver      : Resolving eureka endpoints via configuration
2022-09-10 12:15:42.406  INFO 6128 --- [AsyncResolver-bootstrap-executor-0] c.n.d.s.r.aws.ConfigClusterResolver      : Resolving eureka endpoints via configuration
2022-09-10 12:18:56.238  INFO 18464 --- [AsyncResolver-bootstrap-executor-0] c.n.d.s.r.aws.ConfigClusterResolver      : Resolving eureka endpoints via configuration
2022-09-10 12:19:49.459  INFO 11432 --- [AsyncResolver-bootstrap-executor-0] c.n.d.s.r.aws.ConfigClusterResolver      : Resolving eureka endpoints via configuration
2022-09-10 12:20:42.419  INFO 6128 --- [AsyncResolver-bootstrap-executor-0] c.n.d.s.r.aws.ConfigClusterResolver      : Resolving eureka endpoints via configuration
2022-09-10 12:23:56.253  INFO 18464 --- [AsyncResolver-bootstrap-executor-0] c.n.d.s.r.aws.ConfigClusterResolver      : Resolving eureka endpoints via configuration
2022-09-10 12:24:49.472  INFO 11432 --- [AsyncResolver-bootstrap-executor-0] c.n.d.s.r.aws.ConfigClusterResolver      : Resolving eureka endpoints via configuration
2022-09-10 12:25:42.430  INFO 6128 --- [AsyncResolver-bootstrap-executor-0] c.n.d.s.r.aws.ConfigClusterResolver      : Resolving eureka endpoints via configuration
2022-09-10 12:28:56.267  INFO 18464 --- [AsyncResolver-bootstrap-executor-0] c.n.d.s.r.aws.ConfigClusterResolver      : Resolving eureka endpoints via configuration
2022-09-10 12:29:49.483  INFO 11432 --- [AsyncResolver-bootstrap-executor-0] c.n.d.s.r.aws.ConfigClusterResolver      : Resolving eureka endpoints via configuration
2022-09-10 12:30:42.444  INFO 6128 --- [AsyncResolver-bootstrap-executor-0] c.n.d.s.r.aws.ConfigClusterResolver      : Resolving eureka endpoints via configuration
2022-09-10 12:33:56.281  INFO 18464 --- [AsyncResolver-bootstrap-executor-0] c.n.d.s.r.aws.ConfigClusterResolver      : Resolving eureka endpoints via configuration
2022-09-10 12:34:49.489  INFO 11432 --- [AsyncResolver-bootstrap-executor-0] c.n.d.s.r.aws.ConfigClusterResolver      : Resolving eureka endpoints via configuration
2022-09-10 12:35:42.457  INFO 6128 --- [AsyncResolver-bootstrap-executor-0] c.n.d.s.r.aws.ConfigClusterResolver      : Resolving eureka endpoints via configuration
2022-09-10 12:38:56.287  INFO 18464 --- [AsyncResolver-bootstrap-executor-0] c.n.d.s.r.aws.ConfigClusterResolver      : Resolving eureka endpoints via configuration
2022-09-10 12:39:49.493  INFO 11432 --- [AsyncResolver-bootstrap-executor-0] c.n.d.s.r.aws.ConfigClusterResolver      : Resolving eureka endpoints via configuration
2022-09-10 12:40:42.462  INFO 6128 --- [AsyncResolver-bootstrap-executor-0] c.n.d.s.r.aws.ConfigClusterResolver      : Resolving eureka endpoints via configuration
2022-09-10 12:43:56.305  INFO 18464 --- [AsyncResolver-bootstrap-executor-0] c.n.d.s.r.aws.ConfigClusterResolver      : Resolving eureka endpoints via configuration
2022-09-10 12:44:49.501  INFO 11432 --- [AsyncResolver-bootstrap-executor-0] c.n.d.s.r.aws.ConfigClusterResolver      : Resolving eureka endpoints via configuration
2022-09-10 12:45:42.465  INFO 6128 --- [AsyncResolver-bootstrap-executor-0] c.n.d.s.r.aws.ConfigClusterResolver      : Resolving eureka endpoints via configuration
2022-09-10 12:48:56.320  INFO 18464 --- [AsyncResolver-bootstrap-executor-0] c.n.d.s.r.aws.ConfigClusterResolver      : Resolving eureka endpoints via configuration
2022-09-10 12:49:49.515  INFO 11432 --- [AsyncResolver-bootstrap-executor-0] c.n.d.s.r.aws.ConfigClusterResolver      : Resolving eureka endpoints via configuration
2022-09-10 12:50:42.480  INFO 6128 --- [AsyncResolver-bootstrap-executor-0] c.n.d.s.r.aws.ConfigClusterResolver      : Resolving eureka endpoints via configuration
2022-09-10 12:53:56.332  INFO 18464 --- [AsyncResolver-bootstrap-executor-0] c.n.d.s.r.aws.ConfigClusterResolver      : Resolving eureka endpoints via configuration
2022-09-10 12:54:49.519  INFO 11432 --- [AsyncResolver-bootstrap-executor-0] c.n.d.s.r.aws.ConfigClusterResolver      : Resolving eureka endpoints via configuration
2022-09-10 12:55:42.494  INFO 6128 --- [AsyncResolver-bootstrap-executor-0] c.n.d.s.r.aws.ConfigClusterResolver      : Resolving eureka endpoints via configuration
2022-09-10 12:58:56.335  INFO 18464 --- [AsyncResolver-bootstrap-executor-0] c.n.d.s.r.aws.ConfigClusterResolver      : Resolving eureka endpoints via configuration
2022-09-10 12:59:49.524  INFO 11432 --- [AsyncResolver-bootstrap-executor-0] c.n.d.s.r.aws.ConfigClusterResolver      : Resolving eureka endpoints via configuration
2022-09-10 13:00:42.500  INFO 6128 --- [AsyncResolver-bootstrap-executor-0] c.n.d.s.r.aws.ConfigClusterResolver      : Resolving eureka endpoints via configuration
2022-09-10 13:03:56.340  INFO 18464 --- [AsyncResolver-bootstrap-executor-0] c.n.d.s.r.aws.ConfigClusterResolver      : Resolving eureka endpoints via configuration
2022-09-10 13:04:49.530  INFO 11432 --- [AsyncResolver-bootstrap-executor-0] c.n.d.s.r.aws.ConfigClusterResolver      : Resolving eureka endpoints via configuration
2022-09-10 13:05:42.517  INFO 6128 --- [AsyncResolver-bootstrap-executor-0] c.n.d.s.r.aws.ConfigClusterResolver      : Resolving eureka endpoints via configuration
2022-09-10 13:08:56.351  INFO 18464 --- [AsyncResolver-bootstrap-executor-0] c.n.d.s.r.aws.ConfigClusterResolver      : Resolving eureka endpoints via configuration
2022-09-10 13:09:49.544  INFO 11432 --- [AsyncResolver-bootstrap-executor-0] c.n.d.s.r.aws.ConfigClusterResolver      : Resolving eureka endpoints via configuration
2022-09-10 13:10:42.534  INFO 6128 --- [AsyncResolver-bootstrap-executor-0] c.n.d.s.r.aws.ConfigClusterResolver      : Resolving eureka endpoints via configuration
2022-09-10 13:13:56.364  INFO 18464 --- [AsyncResolver-bootstrap-executor-0] c.n.d.s.r.aws.ConfigClusterResolver      : Resolving eureka endpoints via configuration
2022-09-10 13:14:49.560  INFO 11432 --- [AsyncResolver-bootstrap-executor-0] c.n.d.s.r.aws.ConfigClusterResolver      : Resolving eureka endpoints via configuration
2022-09-10 13:15:42.549  INFO 6128 --- [AsyncResolver-bootstrap-executor-0] c.n.d.s.r.aws.ConfigClusterResolver      : Resolving eureka endpoints via configuration
2022-09-10 13:18:56.371  INFO 18464 --- [AsyncResolver-bootstrap-executor-0] c.n.d.s.r.aws.ConfigClusterResolver      : Resolving eureka endpoints via configuration
2022-09-10 13:19:49.571  INFO 11432 --- [AsyncResolver-bootstrap-executor-0] c.n.d.s.r.aws.ConfigClusterResolver      : Resolving eureka endpoints via configuration
2022-09-10 13:20:42.564  INFO 6128 --- [AsyncResolver-bootstrap-executor-0] c.n.d.s.r.aws.ConfigClusterResolver      : Resolving eureka endpoints via configuration
2022-09-10 13:23:56.373  INFO 18464 --- [AsyncResolver-bootstrap-executor-0] c.n.d.s.r.aws.ConfigClusterResolver      : Resolving eureka endpoints via configuration
2022-09-10 13:24:49.580  INFO 11432 --- [AsyncResolver-bootstrap-executor-0] c.n.d.s.r.aws.ConfigClusterResolver      : Resolving eureka endpoints via configuration
2022-09-10 13:25:42.573  INFO 6128 --- [AsyncResolver-bootstrap-executor-0] c.n.d.s.r.aws.ConfigClusterResolver      : Resolving eureka endpoints via configuration
2022-09-10 13:28:56.376  INFO 18464 --- [AsyncResolver-bootstrap-executor-0] c.n.d.s.r.aws.ConfigClusterResolver      : Resolving eureka endpoints via configuration
2022-09-10 13:29:49.596  INFO 11432 --- [AsyncResolver-bootstrap-executor-0] c.n.d.s.r.aws.ConfigClusterResolver      : Resolving eureka endpoints via configuration
2022-09-10 13:30:42.584  INFO 6128 --- [AsyncResolver-bootstrap-executor-0] c.n.d.s.r.aws.ConfigClusterResolver      : Resolving eureka endpoints via configuration
2022-09-10 13:33:56.384  INFO 18464 --- [AsyncResolver-bootstrap-executor-0] c.n.d.s.r.aws.ConfigClusterResolver      : Resolving eureka endpoints via configuration
2022-09-10 13:34:49.609  INFO 11432 --- [AsyncResolver-bootstrap-executor-0] c.n.d.s.r.aws.ConfigClusterResolver      : Resolving eureka endpoints via configuration
2022-09-10 13:35:42.586  INFO 6128 --- [AsyncResolver-bootstrap-executor-0] c.n.d.s.r.aws.ConfigClusterResolver      : Resolving eureka endpoints via configuration
2022-09-10 13:38:56.398  INFO 18464 --- [AsyncResolver-bootstrap-executor-0] c.n.d.s.r.aws.ConfigClusterResolver      : Resolving eureka endpoints via configuration
2022-09-10 13:39:49.619  INFO 11432 --- [AsyncResolver-bootstrap-executor-0] c.n.d.s.r.aws.ConfigClusterResolver      : Resolving eureka endpoints via configuration
2022-09-10 13:40:42.600  INFO 6128 --- [AsyncResolver-bootstrap-executor-0] c.n.d.s.r.aws.ConfigClusterResolver      : Resolving eureka endpoints via configuration
2022-09-10 13:43:56.407  INFO 18464 --- [AsyncResolver-bootstrap-executor-0] c.n.d.s.r.aws.ConfigClusterResolver      : Resolving eureka endpoints via configuration
2022-09-10 13:44:49.636  INFO 11432 --- [AsyncResolver-bootstrap-executor-0] c.n.d.s.r.aws.ConfigClusterResolver      : Resolving eureka endpoints via configuration
2022-09-10 13:45:42.609  INFO 6128 --- [AsyncResolver-bootstrap-executor-0] c.n.d.s.r.aws.ConfigClusterResolver      : Resolving eureka endpoints via configuration
2022-09-10 13:48:56.413  INFO 18464 --- [AsyncResolver-bootstrap-executor-0] c.n.d.s.r.aws.ConfigClusterResolver      : Resolving eureka endpoints via configuration
2022-09-10 13:49:49.650  INFO 11432 --- [AsyncResolver-bootstrap-executor-0] c.n.d.s.r.aws.ConfigClusterResolver      : Resolving eureka endpoints via configuration
2022-09-10 13:50:42.613  INFO 6128 --- [AsyncResolver-bootstrap-executor-0] c.n.d.s.r.aws.ConfigClusterResolver      : Resolving eureka endpoints via configuration
2022-09-10 13:53:56.423  INFO 18464 --- [AsyncResolver-bootstrap-executor-0] c.n.d.s.r.aws.ConfigClusterResolver      : Resolving eureka endpoints via configuration
2022-09-10 13:54:49.652  INFO 11432 --- [AsyncResolver-bootstrap-executor-0] c.n.d.s.r.aws.ConfigClusterResolver      : Resolving eureka endpoints via configuration
2022-09-10 13:55:42.613  INFO 6128 --- [AsyncResolver-bootstrap-executor-0] c.n.d.s.r.aws.ConfigClusterResolver      : Resolving eureka endpoints via configuration
2022-09-10 13:58:56.438  INFO 18464 --- [AsyncResolver-bootstrap-executor-0] c.n.d.s.r.aws.ConfigClusterResolver      : Resolving eureka endpoints via configuration
2022-09-10 13:59:49.665  INFO 11432 --- [AsyncResolver-bootstrap-executor-0] c.n.d.s.r.aws.ConfigClusterResolver      : Resolving eureka endpoints via configuration
2022-09-10 14:00:42.617  INFO 6128 --- [AsyncResolver-bootstrap-executor-0] c.n.d.s.r.aws.ConfigClusterResolver      : Resolving eureka endpoints via configuration
2022-09-10 14:03:56.444  INFO 18464 --- [AsyncResolver-bootstrap-executor-0] c.n.d.s.r.aws.ConfigClusterResolver      : Resolving eureka endpoints via configuration
2022-09-10 14:04:49.674  INFO 11432 --- [AsyncResolver-bootstrap-executor-0] c.n.d.s.r.aws.ConfigClusterResolver      : Resolving eureka endpoints via configuration
2022-09-10 14:05:42.621  INFO 6128 --- [AsyncResolver-bootstrap-executor-0] c.n.d.s.r.aws.ConfigClusterResolver      : Resolving eureka endpoints via configuration
2022-09-10 14:08:56.460  INFO 18464 --- [AsyncResolver-bootstrap-executor-0] c.n.d.s.r.aws.ConfigClusterResolver      : Resolving eureka endpoints via configuration
2022-09-10 14:09:49.690  INFO 11432 --- [AsyncResolver-bootstrap-executor-0] c.n.d.s.r.aws.ConfigClusterResolver      : Resolving eureka endpoints via configuration
2022-09-10 14:10:42.634  INFO 6128 --- [AsyncResolver-bootstrap-executor-0] c.n.d.s.r.aws.ConfigClusterResolver      : Resolving eureka endpoints via configuration
