2022-09-10 10:31:36.089  INFO 13316 --- [main] g.w.m.MsavaliadorcreditoApplicationTests : Starting MsavaliadorcreditoApplicationTests using Java 11.0.15 on DESKTOP-1GMQS60 with PID 13316 (started by wandi in C:\Users\wandi\Documents\2022-Curso-Microserviços_DouglasSouza\MicroservicosCartoes\msavaliadorcredito)
2022-09-10 10:31:36.121  INFO 13316 --- [main] g.w.m.MsavaliadorcreditoApplicationTests : No active profile set, falling back to 1 default profile: "default"
2022-09-10 10:31:40.965  INFO 13316 --- [main] o.s.cloud.context.scope.GenericScope     : BeanFactory id=fde59fc3-774e-3972-9bb7-111450c77f89
2022-09-10 10:31:43.901  INFO 13316 --- [main] o.s.c.openfeign.FeignClientFactoryBean   : For 'msclientes' URL not provided. Will try picking an instance via load-balancing.
2022-09-10 10:31:44.241  INFO 13316 --- [main] o.s.c.openfeign.FeignClientFactoryBean   : For 'mscartoes' URL not provided. Will try picking an instance via load-balancing.
2022-09-10 10:31:53.495  INFO 13316 --- [main] o.s.cloud.commons.util.InetUtils         : Cannot determine local hostname
2022-09-10 10:31:55.966  INFO 13316 --- [main] o.s.cloud.commons.util.InetUtils         : Cannot determine local hostname
2022-09-10 10:31:55.993  INFO 13316 --- [main] DiscoveryClientOptionalArgsConfiguration : Eureka HTTP Client uses RestTemplate.
2022-09-10 10:31:56.171  WARN 13316 --- [main] iguration$LoadBalancerCaffeineWarnLogger : Spring Cloud LoadBalancer is currently working with the default cache. While this cache implementation is useful for development and tests, it's recommended to use Caffeine cache in production.You can switch to using Caffeine cache, by adding it and org.springframework.cache.caffeine.CaffeineCacheManager to the classpath.
2022-09-10 10:31:56.194  INFO 13316 --- [main] o.s.b.a.e.web.EndpointLinksResolver      : Exposing 17 endpoint(s) beneath base path '/actuator'
2022-09-10 10:31:56.333  INFO 13316 --- [main] g.w.m.MsavaliadorcreditoApplicationTests : Started MsavaliadorcreditoApplicationTests in 23.905 seconds (JVM running for 26.773)
2022-09-10 10:31:57.272  INFO 13316 --- [SpringApplicationShutdownHook] o.s.c.n.eureka.InstanceInfoFactory       : Setting initial instance status as: STARTING
2022-09-10 10:31:57.279  INFO 13316 --- [SpringApplicationShutdownHook] o.s.c.n.e.s.EurekaServiceRegistry        : Unregistering application MSAVALIADORCREDITO with eureka with status DOWN
2022-09-10 10:40:32.388  INFO 19268 --- [main] g.w.m.MsavaliadorcreditoApplicationTests : Starting MsavaliadorcreditoApplicationTests using Java 11.0.15 on DESKTOP-1GMQS60 with PID 19268 (started by wandi in C:\Users\wandi\Documents\2022-Curso-Microserviços_DouglasSouza\MicroservicosCartoes\msavaliadorcredito)
2022-09-10 10:40:32.391  INFO 19268 --- [main] g.w.m.MsavaliadorcreditoApplicationTests : No active profile set, falling back to 1 default profile: "default"
2022-09-10 10:40:34.484  INFO 19268 --- [main] o.s.cloud.context.scope.GenericScope     : BeanFactory id=fde59fc3-774e-3972-9bb7-111450c77f89
2022-09-10 10:40:36.154  INFO 19268 --- [main] o.s.c.openfeign.FeignClientFactoryBean   : For 'msclientes' URL not provided. Will try picking an instance via load-balancing.
2022-09-10 10:40:36.583  INFO 19268 --- [main] o.s.c.openfeign.FeignClientFactoryBean   : For 'mscartoes' URL not provided. Will try picking an instance via load-balancing.
2022-09-10 10:40:45.694  INFO 19268 --- [main] o.s.cloud.commons.util.InetUtils         : Cannot determine local hostname
2022-09-10 10:40:48.379  INFO 19268 --- [main] o.s.cloud.commons.util.InetUtils         : Cannot determine local hostname
2022-09-10 10:40:48.433  INFO 19268 --- [main] DiscoveryClientOptionalArgsConfiguration : Eureka HTTP Client uses RestTemplate.
2022-09-10 10:40:48.611  WARN 19268 --- [main] iguration$LoadBalancerCaffeineWarnLogger : Spring Cloud LoadBalancer is currently working with the default cache. While this cache implementation is useful for development and tests, it's recommended to use Caffeine cache in production.You can switch to using Caffeine cache, by adding it and org.springframework.cache.caffeine.CaffeineCacheManager to the classpath.
2022-09-10 10:40:48.643  INFO 19268 --- [main] o.s.b.a.e.web.EndpointLinksResolver      : Exposing 17 endpoint(s) beneath base path '/actuator'
2022-09-10 10:40:48.773  INFO 19268 --- [main] g.w.m.MsavaliadorcreditoApplicationTests : Started MsavaliadorcreditoApplicationTests in 19.741 seconds (JVM running for 22.316)
2022-09-10 10:40:49.454  INFO 19268 --- [SpringApplicationShutdownHook] o.s.c.n.eureka.InstanceInfoFactory       : Setting initial instance status as: STARTING
2022-09-10 10:40:49.460  INFO 19268 --- [SpringApplicationShutdownHook] o.s.c.n.e.s.EurekaServiceRegistry        : Unregistering application MSAVALIADORCREDITO with eureka with status DOWN
2022-09-10 10:47:34.778  INFO 10668 --- [main] g.w.m.MsavaliadorcreditoApplicationTests : Starting MsavaliadorcreditoApplicationTests using Java 11.0.15 on DESKTOP-1GMQS60 with PID 10668 (started by wandi in C:\Users\wandi\Documents\2022-Curso-Microserviços_DouglasSouza\MicroservicosCartoes\msavaliadorcredito)
2022-09-10 10:47:34.782  INFO 10668 --- [main] g.w.m.MsavaliadorcreditoApplicationTests : No active profile set, falling back to 1 default profile: "default"
2022-09-10 10:47:39.328  INFO 10668 --- [main] o.s.cloud.context.scope.GenericScope     : BeanFactory id=fde59fc3-774e-3972-9bb7-111450c77f89
2022-09-10 10:47:41.470  INFO 10668 --- [main] o.s.c.openfeign.FeignClientFactoryBean   : For 'msclientes' URL not provided. Will try picking an instance via load-balancing.
2022-09-10 10:47:41.851  INFO 10668 --- [main] o.s.c.openfeign.FeignClientFactoryBean   : For 'mscartoes' URL not provided. Will try picking an instance via load-balancing.
2022-09-10 10:47:51.384  INFO 10668 --- [main] o.s.cloud.commons.util.InetUtils         : Cannot determine local hostname
2022-09-10 10:47:53.830  INFO 10668 --- [main] o.s.cloud.commons.util.InetUtils         : Cannot determine local hostname
2022-09-10 10:47:53.853  INFO 10668 --- [main] DiscoveryClientOptionalArgsConfiguration : Eureka HTTP Client uses RestTemplate.
2022-09-10 10:47:54.009  WARN 10668 --- [main] iguration$LoadBalancerCaffeineWarnLogger : Spring Cloud LoadBalancer is currently working with the default cache. While this cache implementation is useful for development and tests, it's recommended to use Caffeine cache in production.You can switch to using Caffeine cache, by adding it and org.springframework.cache.caffeine.CaffeineCacheManager to the classpath.
2022-09-10 10:47:54.036  INFO 10668 --- [main] o.s.b.a.e.web.EndpointLinksResolver      : Exposing 17 endpoint(s) beneath base path '/actuator'
2022-09-10 10:47:54.165  INFO 10668 --- [main] g.w.m.MsavaliadorcreditoApplicationTests : Started MsavaliadorcreditoApplicationTests in 23.379 seconds (JVM running for 26.299)
2022-09-10 10:47:54.927  INFO 10668 --- [SpringApplicationShutdownHook] o.s.c.n.eureka.InstanceInfoFactory       : Setting initial instance status as: STARTING
2022-09-10 10:47:54.932  INFO 10668 --- [SpringApplicationShutdownHook] o.s.c.n.e.s.EurekaServiceRegistry        : Unregistering application MSAVALIADORCREDITO with eureka with status DOWN
